<?xml version="1.0" encoding="UTF-8"?>
<!-- Generated by org.testng.reporters.JUnitXMLReporter -->
<testsuite ignored="1" hostname="Satish-ka-MacBook-Air.local" failures="0" tests="2" name="Car Loan" time="0.015" errors="0" timestamp="2024-11-20T20:40:30 IST">
  <testcase classname="pckg.carloan" name="LoginAPI" time="0.004"/>
  <testcase classname="pckg.carloan" name="WebLogin" time="0.0"/>
  <testcase classname="pckg.carloan" name="MobileLogin" time="0.0">
    <ignored/>
  </testcase> <!-- MobileLogin -->
</testsuite> <!-- Car Loan -->
