<?xml version="1.0" encoding="UTF-8"?>
<!-- Generated by org.testng.reporters.JUnitXMLReporter -->
<testsuite ignored="2" hostname="Satish-ka-MacBook-Air.local" failures="0" tests="1" name="Home Loan" time="0.002" errors="0" timestamp="2024-11-20T20:40:30 IST">
  <testcase classname="pckg.homeloan" name="MobileLogin" time="0.0"/>
  <testcase classname="pckg.homeloan" name="LoginAPI" time="0.0">
    <ignored/>
  </testcase> <!-- LoginAPI -->
  <testcase classname="pckg.homeloan" name="WebLogin" time="0.0">
    <ignored/>
  </testcase> <!-- WebLogin -->
</testsuite> <!-- Home Loan -->
