<?xml version="1.0" encoding="UTF-8"?>
<!-- Generated by org.testng.reporters.JUnitXMLReporter -->
<testsuite ignored="0" hostname="Satish-ka-MacBook-Air.local" failures="0" tests="6" name="Loan" time="0.02" errors="0" timestamp="2024-11-21T13:10:22 IST">
  <testcase classname="pckg.carloan" name="LoginAPI" time="0.003"/>
  <testcase classname="pckg.carloan" name="MobileLogin" time="0.001"/>
  <testcase classname="pckg.carloan" name="WebLogin" time="0.001"/>
  <testcase classname="pckg.homeloan" name="WebLogin" time="0.0"/>
  <testcase classname="pckg.homeloan" name="MobileLogin" time="0.0"/>
  <testcase classname="pckg.homeloan" name="LoginAPI" time="0.0"/>
</testsuite> <!-- Loan -->
